Vivado Simulator 2018.2
Copyright 1986-1999, 2001-2018 Xilinx, Inc. All Rights Reserved.
Running: C:/Xilinx/Vivado/2018.2/bin/unwrapped/win64.o/xelab.exe -wto 89fd3d0d0ec842ddae8db4746fcf9883 --incr --debug typical --relax --mt 2 -L xil_defaultlib -L secureip --snapshot top_sim_behav xil_defaultlib.top_sim -log elaborate.log 
Using 2 slave threads.
Starting static elaboration
Completed static elaboration
Starting simulation data flow analysis
Completed simulation data flow analysis
Time Resolution for simulation is 1ps
Compiling package std.standard
Compiling package std.textio
Compiling package ieee.std_logic_1164
Compiling package ieee.std_logic_arith
Compiling package ieee.std_logic_unsigned
Compiling architecture behavioral of entity xil_defaultlib.processor [processor_default]
Compiling architecture behavioral of entity xil_defaultlib.POC [poc_default]
Compiling architecture behavioral of entity xil_defaultlib.Printer [printer_default]
Compiling architecture behavioral of entity xil_defaultlib.TOP [top_default]
Compiling architecture behavioral of entity xil_defaultlib.top_sim
Built simulation snapshot top_sim_behav
