#-----------------------------------------------------------
# Vivado v2018.2 (64-bit)
# SW Build 2258646 on Thu Jun 14 20:03:12 MDT 2018
# IP Build 2256618 on Thu Jun 14 22:10:49 MDT 2018
# Start of session at: Fri May 10 13:42:49 2019
# Process ID: 9752
# Current directory: C:/Users/Jiangyuxuan/Desktop/COAøº ‘/POC
# Command line: vivado.exe -gui_launcher_event rodinguilauncherevent24780 C:\Users\Jiangyuxuan\Desktop\COAøº ‘\POC\POC.xpr
# Log file: C:/Users/Jiangyuxuan/Desktop/COAøº ‘/POC/vivado.log
# Journal file: C:/Users/Jiangyuxuan/Desktop/COAøº ‘/POC\vivado.jou
#-----------------------------------------------------------
start_gui
open_project C:/Users/Jiangyuxuan/Desktop/COAøº ‘/POC/POC.xpr
INFO: [Project 1-313] Project file moved from 'C:/POC/POC' since last save.
Scanning sources...
Finished scanning sources
INFO: [IP_Flow 19-234] Refreshing IP repositories
INFO: [IP_Flow 19-1704] No user IP repositories specified
INFO: [IP_Flow 19-2313] Loaded Vivado IP repository 'C:/Xilinx/Vivado/2018.2/data/ip'.
open_project: Time (s): cpu = 00:00:18 ; elapsed = 00:00:11 . Memory (MB): peak = 858.445 ; gain = 135.512
update_compile_order -fileset sources_1
exit
INFO: [Common 17-206] Exiting Vivado at Fri May 10 13:47:42 2019...
